<?xml version="1.0" encoding="UTF-8" ?>
<testsuite tests="3" failures="0" name="com.backbase.test.service.ATMServiceTest" time="3.261" errors="0" skipped="0">
  <properties>
[...]
</properties>
  <testcase classname="com.backbase.test.service.ATMServiceTest" name="testFindByCityName" time="2.74"/>
  <testcase classname="com.backbase.test.service.ATMServiceTest" name="testJSONObject" time="0.003"/>
  <testcase classname="com.backbase.test.service.ATMServiceTest" name="testFindAll" time="0.391"/>
</testsuite>